<?xml version="1.0" encoding="UTF-8"?>
<robot generator="Robot 6.1.1 (Python 3.12.3 on win32)" generated="20240422 10:56:59.412" rpa="false" schemaversion="4">
<suite id="s1" name="Preenchimento Incorreto" source="c:\Users\Pichau\Desktop\Pastas\Robot_estudo\Curso_Robot\testes\preenchimento_incorreto.robot">
<test id="s1-t1" name="Verificar se quando um campo obrigatório não for preenchido corretamente o sistema exibe uma mensagem de campo obrigatório" line="11">
<kw name="Dado que eu acesse o Organo" library="setup_teardown" type="SETUP">
<kw name="Open Browser" library="SeleniumLibrary">
<arg>url=http://localhost:3000/</arg>
<arg>browser=Chrome</arg>
<doc>Opens a new browser instance to the optional ``url``.</doc>
<msg timestamp="20240422 10:56:59.833" level="INFO">Opening browser 'Chrome' to base url 'http://localhost:3000/'.</msg>
<msg timestamp="20240422 10:57:00.049" level="WARN">The chromedriver version (123.0.6312.122) detected in PATH at C:\Windows\chromedriver.exe might not be compatible with the detected chrome version (124.0.6367.61); currently, chromedriver 124.0.6367.60 is recommended for chrome 124.*, so it is advised to delete the driver in PATH and retry</msg>
<status status="PASS" starttime="20240422 10:56:59.833" endtime="20240422 10:57:01.465"/>
</kw>
<status status="PASS" starttime="20240422 10:56:59.832" endtime="20240422 10:57:01.465"/>
</kw>
<kw name=" Dado que eu clique no botão criar card" library="cadastro">
<kw name="Click Element" library="SeleniumLibrary">
<arg>${CAMPO_CARD}</arg>
<doc>Click the element identified by ``locator``.</doc>
<msg timestamp="20240422 10:57:01.467" level="INFO">Clicking element 'id:form-botao'.</msg>
<status status="PASS" starttime="20240422 10:57:01.466" endtime="20240422 10:57:01.502"/>
</kw>
<status status="PASS" starttime="20240422 10:57:01.465" endtime="20240422 10:57:01.502"/>
</kw>
<kw name="Então sistema deve apresentar mensagem de campo obrigatório" library="cadastro">
<kw name="Element Should Be Visible" library="SeleniumLibrary">
<arg>id:form-nome-erro</arg>
<doc>Verifies that the element identified by ``locator`` is visible.</doc>
<msg timestamp="20240422 10:57:01.519" level="INFO">Element 'id:form-nome-erro' is displayed.</msg>
<status status="PASS" starttime="20240422 10:57:01.503" endtime="20240422 10:57:01.519"/>
</kw>
<kw name="Element Should Be Visible" library="SeleniumLibrary">
<arg>id:form-cargo-erro</arg>
<doc>Verifies that the element identified by ``locator`` is visible.</doc>
<msg timestamp="20240422 10:57:01.533" level="INFO">Element 'id:form-cargo-erro' is displayed.</msg>
<status status="PASS" starttime="20240422 10:57:01.519" endtime="20240422 10:57:01.534"/>
</kw>
<kw name="Element Should Be Visible" library="SeleniumLibrary">
<arg>id:form-times-erro</arg>
<doc>Verifies that the element identified by ``locator`` is visible.</doc>
<msg timestamp="20240422 10:57:01.546" level="INFO">Element 'id:form-times-erro' is displayed.</msg>
<status status="PASS" starttime="20240422 10:57:01.534" endtime="20240422 10:57:01.546"/>
</kw>
<status status="PASS" starttime="20240422 10:57:01.503" endtime="20240422 10:57:01.547"/>
</kw>
<kw name="Fechar o navergador" library="setup_teardown" type="TEARDOWN">
<kw name="Close Browser" library="SeleniumLibrary">
<doc>Closes the current browser.</doc>
<status status="PASS" starttime="20240422 10:57:01.547" endtime="20240422 10:57:03.640"/>
</kw>
<status status="PASS" starttime="20240422 10:57:01.547" endtime="20240422 10:57:03.640"/>
</kw>
<status status="PASS" starttime="20240422 10:56:59.832" endtime="20240422 10:57:03.640"/>
</test>
<status status="PASS" starttime="20240422 10:56:59.416" endtime="20240422 10:57:03.641"/>
</suite>
<statistics>
<total>
<stat pass="1" fail="0" skip="0">All Tests</stat>
</total>
<tag>
</tag>
<suite>
<stat pass="1" fail="0" skip="0" id="s1" name="Preenchimento Incorreto">Preenchimento Incorreto</stat>
</suite>
</statistics>
<errors>
<msg timestamp="20240422 10:57:00.049" level="WARN">The chromedriver version (123.0.6312.122) detected in PATH at C:\Windows\chromedriver.exe might not be compatible with the detected chrome version (124.0.6367.61); currently, chromedriver 124.0.6367.60 is recommended for chrome 124.*, so it is advised to delete the driver in PATH and retry</msg>
</errors>
</robot>
